[    3723ms] [WARNING] Image with src "/preview.png" has either width or height modified, but not the other. If you use CSS to change the size of your image, also include the styles 'width: "auto"' or 'height: "auto"' to maintain the aspect ratio. @ webpack-internal:///(app-pages-browser)/./node_modules/next/dist/shared/lib/utils/warn-once.js:15
[    3723ms] [WARNING] Image with src "https://tailwindcss.com/plus-assets/img/component-images/bento-01-performance.png" has either width or height modified, but not the other. If you use CSS to change the size of your image, also include the styles 'width: "auto"' or 'height: "auto"' to maintain the aspect ratio. @ webpack-internal:///(app-pages-browser)/./node_modules/next/dist/shared/lib/utils/warn-once.js:15
[    3739ms] [WARNING] Image with src "https://tailwindcss.com/plus-assets/img/component-images/bento-01-releases.png" has either width or height modified, but not the other. If you use CSS to change the size of your image, also include the styles 'width: "auto"' or 'height: "auto"' to maintain the aspect ratio. @ webpack-internal:///(app-pages-browser)/./node_modules/next/dist/shared/lib/utils/warn-once.js:15
[    3739ms] [WARNING] Image with src "https://tailwindcss.com/plus-assets/img/component-images/bento-01-speed.png" has either width or height modified, but not the other. If you use CSS to change the size of your image, also include the styles 'width: "auto"' or 'height: "auto"' to maintain the aspect ratio. @ webpack-internal:///(app-pages-browser)/./node_modules/next/dist/shared/lib/utils/warn-once.js:15
[    3739ms] [WARNING] Image with src "https://tailwindcss.com/plus-assets/img/component-images/bento-01-integrations.png" has either width or height modified, but not the other. If you use CSS to change the size of your image, also include the styles 'width: "auto"' or 'height: "auto"' to maintain the aspect ratio. @ webpack-internal:///(app-pages-browser)/./node_modules/next/dist/shared/lib/utils/warn-once.js:15
[    3743ms] [WARNING] Image with src "https://tailwindcss.com/plus-assets/img/component-images/bento-01-network.png" has either width or height modified, but not the other. If you use CSS to change the size of your image, also include the styles 'width: "auto"' or 'height: "auto"' to maintain the aspect ratio. @ webpack-internal:///(app-pages-browser)/./node_modules/next/dist/shared/lib/utils/warn-once.js:15
[    6028ms] [WARNING] Image with src "/preview.png" was detected as the Largest Contentful Paint (LCP). Please add the "priority" property if this image is above the fold.
Read more: https://nextjs.org/docs/api-reference/next/image#priority @ webpack-internal:///(app-pages-browser)/./node_modules/next/dist/shared/lib/utils/warn-once.js:15
[  219992ms] Error: wcagByProperty is not defined
    at eval (webpack-internal:///(app-pages-browser)/./src/components/ThemeCustomizer.tsx:696:53)
    at Array.map (<anonymous>)
    at ThemeCustomizer (webpack-internal:///(app-pages-browser)/./src/components/ThemeCustomizer.tsx:687:42)
    at RootLayout (rsc://React/Server/webpack-internal:///(rsc)/./src/app/layout.tsx?11:62:96)
[  220000ms] [WARNING] [Fast Refresh] performing full reload because your application had an unrecoverable error @ webpack-internal:///(app-pages-browser)/./node_modules/next/dist/client/components/react-dev-overlay/app/hot-reloader-client.js:114
[  220249ms] [ERROR] Failed to load resource: the server responded with a status of 500 (Internal Server Error) @ http://localhost:3099/:0
[  220627ms] Error: wcagByProperty is not defined
    at eval (webpack-internal:///(app-pages-browser)/./src/components/ThemeCustomizer.tsx:696:53)
    at Array.map (<anonymous>)
    at ThemeCustomizer (webpack-internal:///(app-pages-browser)/./src/components/ThemeCustomizer.tsx:687:42)
    at RootLayout (rsc://React/Server/webpack-internal:///(rsc)/./src/app/layout.tsx?11:62:96)
[  220685ms] [ERROR] Failed to load resource: the server responded with a status of 404 (Not Found) @ http://localhost:3099/favicon.ico:0
[  223686ms] [WARNING] The resource http://localhost:3099/_next/static/media/4cf2300e9c8272f7-s.p.woff2 was preloaded using link preload but not used within a few seconds from the window's load event. Please make sure it has an appropriate `as` value and it is preloaded intentionally. @ http://localhost:3099/:0
[  223686ms] [WARNING] The resource http://localhost:3099/_next/static/media/93f479601ee12b01-s.p.woff2 was preloaded using link preload but not used within a few seconds from the window's load event. Please make sure it has an appropriate `as` value and it is preloaded intentionally. @ http://localhost:3099/:0
[  223686ms] [WARNING] The resource http://localhost:3099/_next/static/css/app/layout.css?v=1771525025752 was preloaded using link preload but not used within a few seconds from the window's load event. Please make sure it has an appropriate `as` value and it is preloaded intentionally. @ http://localhost:3099/:0
[  227147ms] [WARNING] [Fast Refresh] performing full reload because your application had an unrecoverable error @ webpack-internal:///(app-pages-browser)/./node_modules/next/dist/client/components/react-dev-overlay/app/hot-reloader-client.js:114
[  227714ms] [WARNING] Image with src "/preview.png" was detected as the Largest Contentful Paint (LCP). Please add the "priority" property if this image is above the fold.
Read more: https://nextjs.org/docs/api-reference/next/image#priority @ webpack-internal:///(app-pages-browser)/./node_modules/next/dist/shared/lib/utils/warn-once.js:15
[  227740ms] [WARNING] Image with src "/preview.png" has either width or height modified, but not the other. If you use CSS to change the size of your image, also include the styles 'width: "auto"' or 'height: "auto"' to maintain the aspect ratio. @ webpack-internal:///(app-pages-browser)/./node_modules/next/dist/shared/lib/utils/warn-once.js:15
[  227741ms] [WARNING] Image with src "https://tailwindcss.com/plus-assets/img/component-images/bento-01-performance.png" has either width or height modified, but not the other. If you use CSS to change the size of your image, also include the styles 'width: "auto"' or 'height: "auto"' to maintain the aspect ratio. @ webpack-internal:///(app-pages-browser)/./node_modules/next/dist/shared/lib/utils/warn-once.js:15
[  227750ms] [WARNING] Image with src "https://tailwindcss.com/plus-assets/img/component-images/bento-01-releases.png" has either width or height modified, but not the other. If you use CSS to change the size of your image, also include the styles 'width: "auto"' or 'height: "auto"' to maintain the aspect ratio. @ webpack-internal:///(app-pages-browser)/./node_modules/next/dist/shared/lib/utils/warn-once.js:15
[  227750ms] [WARNING] Image with src "https://tailwindcss.com/plus-assets/img/component-images/bento-01-speed.png" has either width or height modified, but not the other. If you use CSS to change the size of your image, also include the styles 'width: "auto"' or 'height: "auto"' to maintain the aspect ratio. @ webpack-internal:///(app-pages-browser)/./node_modules/next/dist/shared/lib/utils/warn-once.js:15
[  227751ms] [WARNING] Image with src "https://tailwindcss.com/plus-assets/img/component-images/bento-01-integrations.png" has either width or height modified, but not the other. If you use CSS to change the size of your image, also include the styles 'width: "auto"' or 'height: "auto"' to maintain the aspect ratio. @ webpack-internal:///(app-pages-browser)/./node_modules/next/dist/shared/lib/utils/warn-once.js:15
[  227761ms] [WARNING] Image with src "https://tailwindcss.com/plus-assets/img/component-images/bento-01-network.png" has either width or height modified, but not the other. If you use CSS to change the size of your image, also include the styles 'width: "auto"' or 'height: "auto"' to maintain the aspect ratio. @ webpack-internal:///(app-pages-browser)/./node_modules/next/dist/shared/lib/utils/warn-once.js:15
[  288270ms] [ERROR] Failed to load resource: the server responded with a status of 404 (Not Found) @ http://localhost:3099/_next/static/css/app/layout.css?v=1771525093338:0
[  288369ms] [ERROR] Failed to load resource: the server responded with a status of 404 (Not Found) @ http://localhost:3099/_next/static/chunks/webpack.js?v=1771525093338:0
[  288375ms] [ERROR] Failed to load resource: the server responded with a status of 404 (Not Found) @ http://localhost:3099/_next/static/chunks/main-app.js?v=1771525093338:0
[  288376ms] [ERROR] Failed to load resource: the server responded with a status of 404 (Not Found) @ http://localhost:3099/_next/static/chunks/app-pages-internals.js:0
[  288376ms] [ERROR] Failed to load resource: the server responded with a status of 404 (Not Found) @ http://localhost:3099/_next/static/chunks/app/page.js:0
[  288376ms] [ERROR] Failed to load resource: the server responded with a status of 404 (Not Found) @ http://localhost:3099/_next/static/chunks/app/layout.js:0
[  289902ms] [ERROR] Failed to load resource: the server responded with a status of 404 (Not Found) @ http://localhost:3099/_next/static/css/app/layout.css?v=1771525095432:0
[  289982ms] [ERROR] Failed to load resource: the server responded with a status of 404 (Not Found) @ http://localhost:3099/_next/static/chunks/app/page.js:0
[  289982ms] [ERROR] Failed to load resource: the server responded with a status of 404 (Not Found) @ http://localhost:3099/_next/static/chunks/main-app.js?v=1771525095432:0
[  289982ms] [ERROR] Failed to load resource: the server responded with a status of 404 (Not Found) @ http://localhost:3099/_next/static/chunks/app-pages-internals.js:0
